<?xml version="1.0" encoding="UTF-8"?>
<!-- Generated by org.testng.reporters.JUnitReportReporter -->
<testsuite hostname="DESKTOP-4BAECAP" failures="0" tests="7" name="com.sgtesting.anootation.AnnotationDemo5CreateProject" time="57.740" errors="0" timestamp="2022-09-21T14:17:01 IST" skipped="0">
  <testcase classname="com.sgtesting.anootation.AnnotationDemo5CreateProject" name="logIn" time="3.377"/>
  <system-out/>
  <testcase classname="com.sgtesting.anootation.AnnotationDemo5CreateProject" name="minimizeFlyOutWindow" time="5.145"/>
  <system-out/>
  <testcase classname="com.sgtesting.anootation.AnnotationDemo5CreateProject" name="createCustomer" time="12.831"/>
  <system-out/>
  <testcase classname="com.sgtesting.anootation.AnnotationDemo5CreateProject" name="createProject" time="12.977"/>
  <system-out/>
  <testcase classname="com.sgtesting.anootation.AnnotationDemo5CreateProject" name="deleteProject" time="12.710"/>
  <system-out/>
  <testcase classname="com.sgtesting.anootation.AnnotationDemo5CreateProject" name="deleteCustomer" time="6.578"/>
  <system-out/>
  <testcase classname="com.sgtesting.anootation.AnnotationDemo5CreateProject" name="logOut" time="4.122"/>
  <system-out/>
</testsuite> <!-- com.sgtesting.anootation.AnnotationDemo5CreateProject -->
