<?xml version="1.0" encoding="UTF-8"?>
<!-- Generated by org.testng.reporters.JUnitReportReporter -->
<testsuite hostname="DESKTOP-4BAECAP" failures="0" tests="8" name="com.sgtesting.anootation.AnnoationDemo6ProjectModify" time="0.081" errors="0" timestamp="2022-09-16T12:35:56 IST" skipped="0">
  <testcase classname="com.sgtesting.anootation.AnnoationDemo6ProjectModify" name="logIn" time="0.037"/>
  <system-out/>
  <testcase classname="com.sgtesting.anootation.AnnoationDemo6ProjectModify" name="minimizeFlyOutWindow" time="0.005"/>
  <system-out/>
  <testcase classname="com.sgtesting.anootation.AnnoationDemo6ProjectModify" name="createCustomer" time="0.009"/>
  <system-out/>
  <testcase classname="com.sgtesting.anootation.AnnoationDemo6ProjectModify" name="createProject" time="0.004"/>
  <system-out/>
  <testcase classname="com.sgtesting.anootation.AnnoationDemo6ProjectModify" name="modifyProject" time="0.004"/>
  <system-out/>
  <testcase classname="com.sgtesting.anootation.AnnoationDemo6ProjectModify" name="deleteProject" time="0.007"/>
  <system-out/>
  <testcase classname="com.sgtesting.anootation.AnnoationDemo6ProjectModify" name="deleteCustomer" time="0.007"/>
  <system-out/>
  <testcase classname="com.sgtesting.anootation.AnnoationDemo6ProjectModify" name="logOut" time="0.008"/>
  <system-out/>
</testsuite> <!-- com.sgtesting.anootation.AnnoationDemo6ProjectModify -->
