<?xml version="1.0" encoding="UTF-8"?>
<!-- Generated by org.testng.reporters.JUnitReportReporter -->
<testsuite hostname="DESKTOP-4BAECAP" failures="0" tests="5" name="com.sgtesting.anootation.AnnotationDemo2UserModify" time="61.601" errors="0" timestamp="2022-09-21T14:17:01 IST" skipped="0">
  <testcase classname="com.sgtesting.anootation.AnnotationDemo2UserModify" name="login" time="7.835"/>
  <system-out/>
  <testcase classname="com.sgtesting.anootation.AnnotationDemo2UserModify" name="createUser" time="36.919"/>
  <system-out/>
  <testcase classname="com.sgtesting.anootation.AnnotationDemo2UserModify" name="modifyUser" time="15.431"/>
  <system-out/>
  <testcase classname="com.sgtesting.anootation.AnnotationDemo2UserModify" name="deleteUser" time="0.041"/>
  <system-out/>
  <testcase classname="com.sgtesting.anootation.AnnotationDemo2UserModify" name="logout" time="1.375"/>
  <system-out/>
</testsuite> <!-- com.sgtesting.anootation.AnnotationDemo2UserModify -->
