<?xml version="1.0" encoding="UTF-8"?>
<!-- Generated by org.testng.reporters.JUnitReportReporter -->
<testsuite hostname="DESKTOP-4BAECAP" failures="0" tests="8" name="com.sgtesting.anootation.AnnoationDemo6ModifyProject" time="69.690" errors="0" timestamp="2022-09-21T14:17:01 IST" skipped="0">
  <testcase classname="com.sgtesting.anootation.AnnoationDemo6ModifyProject" name="logIn" time="3.478"/>
  <system-out/>
  <testcase classname="com.sgtesting.anootation.AnnoationDemo6ModifyProject" name="minimizeFlyOutWindow" time="5.619"/>
  <system-out/>
  <testcase classname="com.sgtesting.anootation.AnnoationDemo6ModifyProject" name="createCustomer" time="13.288"/>
  <system-out/>
  <testcase classname="com.sgtesting.anootation.AnnoationDemo6ModifyProject" name="createProject" time="12.549"/>
  <system-out/>
  <testcase classname="com.sgtesting.anootation.AnnoationDemo6ModifyProject" name="modifyProject" time="9.788"/>
  <system-out/>
  <testcase classname="com.sgtesting.anootation.AnnoationDemo6ModifyProject" name="deleteProject" time="13.995"/>
  <system-out/>
  <testcase classname="com.sgtesting.anootation.AnnoationDemo6ModifyProject" name="deleteCustomer" time="6.794"/>
  <system-out/>
  <testcase classname="com.sgtesting.anootation.AnnoationDemo6ModifyProject" name="logOut" time="4.179"/>
  <system-out/>
</testsuite> <!-- com.sgtesting.anootation.AnnoationDemo6ModifyProject -->
