<?xml version="1.0" encoding="UTF-8"?>
<!-- Generated by org.testng.reporters.JUnitReportReporter -->
<testsuite hostname="DESKTOP-4BAECAP" failures="0" tests="4" name="com.sgtesting.anootation.AnnotationDemo1" time="45.886" errors="0" timestamp="2022-09-21T14:23:16 IST" skipped="0">
  <testcase classname="com.sgtesting.anootation.AnnotationDemo1" name="login" time="7.559"/>
  <system-out/>
  <testcase classname="com.sgtesting.anootation.AnnotationDemo1" name="createUser" time="26.370"/>
  <system-out/>
  <testcase classname="com.sgtesting.anootation.AnnotationDemo1" name="deleteUser" time="9.459"/>
  <system-out/>
  <testcase classname="com.sgtesting.anootation.AnnotationDemo1" name="logout" time="2.498"/>
  <system-out/>
</testsuite> <!-- com.sgtesting.anootation.AnnotationDemo1 -->
