<?xml version="1.0" encoding="UTF-8"?>
<!-- Generated by org.testng.reporters.JUnitReportReporter -->
<testsuite hostname="DESKTOP-4BAECAP" failures="0" tests="1" name="com.sgtesting.anootation.AnnotationDemo" time="7.461" errors="0" timestamp="2022-09-21T14:20:24 IST" skipped="0">
  <testcase classname="com.sgtesting.anootation.AnnotationDemo" name="login" time="7.461"/>
  <system-out/>
</testsuite> <!-- com.sgtesting.anootation.AnnotationDemo -->
